2026-07-16T07:02:59Z INF Thank you for trying Cloudflare Tunnel. Doing so, without a Cloudflare account, is a quick way to experiment and try it out. However, be aware that these account-less Tunnels have no uptime guarantee, are subject to the Cloudflare Online Services Terms of Use (https://www.cloudflare.com/website-terms/), and Cloudflare reserves the right to investigate your use of Tunnels for violations of such terms. If you intend to use Tunnels in production you should use a pre-created named tunnel by following: https://developers.cloudflare.com/cloudflare-one/connections/connect-apps
2026-07-16T07:02:59Z INF Requesting new quick Tunnel on trycloudflare.com...
2026-07-16T07:03:04Z INF +--------------------------------------------------------------------------------------------+
2026-07-16T07:03:04Z INF |  Your quick Tunnel has been created! Visit it at (it may take some time to be reachable):  |
2026-07-16T07:03:04Z INF |  https://dept-actually-drives-lobby.trycloudflare.com                                      |
2026-07-16T07:03:04Z INF +--------------------------------------------------------------------------------------------+
2026-07-16T07:03:04Z INF Cannot determine default configuration path. No file [config.yml config.yaml] in [~/.cloudflared ~/.cloudflare-warp ~/cloudflare-warp /etc/cloudflared /usr/local/etc/cloudflared]
2026-07-16T07:03:04Z INF Version 2026.7.2 (Checksum ec905ea7b7e327ff8abdde8cb64697a2152de74dbcdbf6aec9db8364eb3886cd)
2026-07-16T07:03:04Z INF GOOS: linux, GOVersion: go1.26.4, GoArch: amd64
2026-07-16T07:03:04Z INF Settings: map[ha-connections:1 protocol:quic url:http://localhost:3000]
2026-07-16T07:03:04Z INF Autoupdate frequency is set autoupdateFreq=86400000
2026-07-16T07:03:04Z INF Generated Connector ID: c08bfbfa-3c1d-4b1d-991b-f01779bbf058
2026-07-16T07:03:04Z INF Initial protocol quic
2026-07-16T07:03:04Z INF ICMP proxy will use 192.168.5.170 as source for IPv4
2026-07-16T07:03:04Z INF ICMP proxy will use fe80::1ac0:4dff:fe0b:164 in zone eno1 as source for IPv6
2026-07-16T07:03:04Z WRN The user running cloudflared process has a GID (group ID) that is not within ping_group_range. You might need to add that user to a group within that range, or instead update the range to encompass a group the user is already in by modifying /proc/sys/net/ipv4/ping_group_range. Otherwise cloudflared will not be able to ping this network error="Group ID 1000 is not between ping group 1 to 0"
2026-07-16T07:03:04Z WRN ICMP proxy feature is disabled error="cannot create ICMPv4 proxy: Group ID 1000 is not between ping group 1 to 0 nor ICMPv6 proxy: socket: permission denied"
2026/07/16 12:03:04 failed to sufficiently increase receive buffer size (was: 208 kiB, wanted: 7168 kiB, got: 416 kiB). See https://github.com/quic-go/quic-go/wiki/UDP-Buffer-Sizes for details.
2026-07-16T07:03:04Z INF ICMP proxy will use 192.168.5.170 as source for IPv4
2026-07-16T07:03:04Z INF ICMP proxy will use fe80::1ac0:4dff:fe0b:164 in zone eno1 as source for IPv6
2026-07-16T07:03:04Z INF Starting metrics server on 127.0.0.1:20241/metrics
2026-07-16T07:03:04Z INF Tunnel connection curve preferences: [X25519MLKEM768 CurveID(65074) CurveP256] connIndex=0 event=0 ip=198.41.192.227
2026-07-16T07:03:05Z INF Registered tunnel connection connIndex=0 connection=6d4db19b-9695-437e-9b34-543f38edf8b4 event=0 ip=198.41.192.227 location=waw03 protocol=quic
2026-07-16T07:03:11Z INF +-------------------------------------------------------------------------------------+
2026-07-16T07:03:11Z INF |                               CONNECTIVITY PRE-CHECKS                               |
2026-07-16T07:03:11Z INF +-------------------------------------------------------------------------------------+
2026-07-16T07:03:11Z INF |  COMPONENT         TARGET                     STATUS  DETAILS                       |
2026-07-16T07:03:11Z INF |  DNS Resolution    region1.v2.argotunnel.com  PASS    DNS Resolved successfully     |
2026-07-16T07:03:11Z INF |  DNS Resolution    region2.v2.argotunnel.com  PASS    DNS Resolved successfully     |
2026-07-16T07:03:11Z INF |  UDP Connectivity  region1.v2.argotunnel.com  PASS    QUIC connection successful    |
2026-07-16T07:03:11Z INF |  UDP Connectivity  region2.v2.argotunnel.com  PASS    QUIC connection successful    |
2026-07-16T07:03:11Z INF |  TCP Connectivity  region1.v2.argotunnel.com  PASS    HTTP/2 connection successful  |
2026-07-16T07:03:11Z INF |  TCP Connectivity  region2.v2.argotunnel.com  PASS    HTTP/2 connection successful  |
2026-07-16T07:03:11Z INF |  Cloudflare API    api.cloudflare.com:443     PASS    API is reachable              |
2026-07-16T07:03:11Z INF |                                                                                     |
2026-07-16T07:03:11Z INF |  SUMMARY: Environment is healthy. cloudflared will use 'quic' as primary protocol.  |
2026-07-16T07:03:11Z INF +-------------------------------------------------------------------------------------+
2026-07-16T07:03:11Z INF precheck component="DNS Resolution" details="DNS Resolved successfully" run_id=87c86666-ab21-460f-847e-ef9b7c1a80f9 status=pass target=region1.v2.argotunnel.com
2026-07-16T07:03:11Z INF precheck component="DNS Resolution" details="DNS Resolved successfully" run_id=87c86666-ab21-460f-847e-ef9b7c1a80f9 status=pass target=region2.v2.argotunnel.com
2026-07-16T07:03:11Z INF precheck component="UDP Connectivity" details="QUIC connection successful" run_id=87c86666-ab21-460f-847e-ef9b7c1a80f9 status=pass target=region1.v2.argotunnel.com
2026-07-16T07:03:11Z INF precheck component="UDP Connectivity" details="QUIC connection successful" run_id=87c86666-ab21-460f-847e-ef9b7c1a80f9 status=pass target=region2.v2.argotunnel.com
2026-07-16T07:03:11Z INF precheck component="TCP Connectivity" details="HTTP/2 connection successful" run_id=87c86666-ab21-460f-847e-ef9b7c1a80f9 status=pass target=region1.v2.argotunnel.com
2026-07-16T07:03:11Z INF precheck component="TCP Connectivity" details="HTTP/2 connection successful" run_id=87c86666-ab21-460f-847e-ef9b7c1a80f9 status=pass target=region2.v2.argotunnel.com
2026-07-16T07:03:11Z INF precheck component="Cloudflare API" details="API is reachable" run_id=87c86666-ab21-460f-847e-ef9b7c1a80f9 status=pass target=api.cloudflare.com:443
2026-07-16T07:03:11Z INF precheck complete hard_fail=false run_id=87c86666-ab21-460f-847e-ef9b7c1a80f9 suggested_protocol=quic
2026-07-16T07:21:12Z ERR  error="Incoming request ended abruptly: context canceled" connIndex=0 event=1 ingressRule=0 originService=http://localhost:3000
2026-07-16T07:21:12Z ERR Request failed error="Incoming request ended abruptly: context canceled" connIndex=0 dest=https://dept-actually-drives-lobby.trycloudflare.com/api/words event=0 ip=198.41.192.227 type=http
